{
  "RSpec": {
    "coverage": {
      "/home/danilo/Projects/challenges/latamgateway-challenge-api/spec/support/configs/database_cleaner_config.rb": {
        "lines": [
          null,
          null,
          1,
          1,
          1,
          1,
          1,
          1,
          null,
          null,
          1,
          10,
          null,
          null,
          1,
          1,
          null,
          null,
          null
        ]
      },
      "/home/danilo/Projects/challenges/latamgateway-challenge-api/spec/support/configs/factory_bot_config.rb": {
        "lines": [
          null,
          null,
          1,
          1,
          1,
          null,
          null
        ]
      },
      "/home/danilo/Projects/challenges/latamgateway-challenge-api/spec/support/configs/shoulda_matchers_config.rb": {
        "lines": [
          null,
          null,
          1,
          1,
          1,
          1,
          1,
          1,
          null,
          null,
          null,
          null
        ]
      },
      "/home/danilo/Projects/challenges/latamgateway-challenge-api/spec/support/helpers/devise_jwt_authorization_helper.rb": {
        "lines": [
          null,
          null,
          1,
          1,
          0,
          0,
          0,
          null,
          null
        ]
      },
      "/home/danilo/Projects/challenges/latamgateway-challenge-api/app/models/address.rb": {
        "lines": [
          1,
          1,
          null,
          13,
          null
        ]
      },
      "/home/danilo/Projects/challenges/latamgateway-challenge-api/spec/models/user_spec.rb": {
        "lines": [
          null,
          null,
          1,
          null,
          1,
          1,
          2,
          null,
          1,
          2,
          null,
          null,
          1,
          2,
          null,
          null,
          null,
          1,
          2,
          null,
          null
        ]
      },
      "/home/danilo/Projects/challenges/latamgateway-challenge-api/spec/requests/address/find_address_by_zipcode_spec.rb": {
        "lines": [
          null,
          null,
          1,
          null,
          1,
          1,
          3,
          3,
          3,
          null,
          1,
          2,
          2,
          null,
          1,
          1,
          null,
          1,
          null,
          1,
          null,
          1,
          null,
          null,
          null,
          null,
          null,
          null,
          null,
          null,
          null,
          null,
          null,
          null,
          null,
          1,
          2,
          null,
          1,
          1,
          null,
          1,
          null,
          1,
          null,
          null,
          null,
          null
        ]
      },
      "/home/danilo/Projects/challenges/latamgateway-challenge-api/spec/serializers/api/v1/address_serializer_spec.rb": {
        "lines": [
          null,
          null,
          1,
          null,
          1,
          1,
          2,
          null,
          2,
          2,
          null,
          1,
          1,
          null,
          null,
          null,
          null,
          null,
          null,
          null,
          null,
          null,
          null,
          null
        ]
      },
      "/home/danilo/Projects/challenges/latamgateway-challenge-api/app/serializers/api/v1/address_serializer.rb": {
        "lines": [
          null,
          null,
          1,
          1,
          1,
          1,
          null,
          1,
          2,
          null,
          null,
          null,
          null
        ]
      },
      "/home/danilo/Projects/challenges/latamgateway-challenge-api/app/serializers/application_serializer.rb": {
        "lines": [
          null,
          null,
          1,
          1,
          0,
          0,
          0,
          null,
          0,
          null,
          null,
          null,
          null
        ]
      },
      "/home/danilo/Projects/challenges/latamgateway-challenge-api/spec/services/address/find_by_zipcode_service_spec.rb": {
        "lines": [
          null,
          null,
          1,
          null,
          1,
          1,
          3,
          null,
          3,
          null,
          1,
          1,
          null,
          1,
          1,
          null,
          null,
          2,
          null,
          null,
          1,
          1,
          1,
          null,
          null,
          2,
          null,
          null,
          null
        ]
      },
      "/home/danilo/Projects/challenges/latamgateway-challenge-api/app/services/address/find_by_zipcode_service.rb": {
        "lines": [
          null,
          null,
          1,
          1,
          1,
          1,
          4,
          null,
          4,
          null,
          3,
          null,
          null,
          1,
          null,
          1,
          3,
          null,
          3,
          null,
          3,
          null,
          3,
          null,
          1,
          null,
          null,
          1,
          1,
          null,
          null,
          null,
          null,
          null,
          null,
          null,
          null,
          null,
          1,
          8,
          null,
          null,
          null,
          null
        ]
      },
      "/home/danilo/Projects/challenges/latamgateway-challenge-api/app/controllers/api/v1/addresses_controller.rb": {
        "lines": [
          null,
          null,
          1,
          1,
          1,
          1,
          null,
          1,
          2,
          null,
          2,
          null,
          null,
          1,
          null,
          1,
          2,
          null,
          1,
          null,
          null,
          null,
          null
        ]
      },
      "/home/danilo/Projects/challenges/latamgateway-challenge-api/app/controllers/application_controller.rb": {
        "lines": [
          null,
          null,
          1,
          1,
          null
        ]
      },
      "/home/danilo/Projects/challenges/latamgateway-challenge-api/app/controllers/concerns/exception_handler.rb": {
        "lines": [
          null,
          null,
          1,
          1,
          null,
          1,
          1,
          null,
          null,
          1,
          null,
          null,
          1,
          null,
          null,
          1,
          null,
          null,
          1,
          null,
          null,
          1,
          null,
          null,
          null,
          1,
          null,
          1,
          0,
          null,
          null,
          1,
          0,
          null,
          0,
          null,
          null,
          1,
          0,
          null,
          null,
          1,
          0,
          null,
          null,
          1,
          0,
          null,
          null,
          null,
          null,
          null,
          null,
          1,
          0,
          null,
          null,
          1,
          0,
          null,
          null,
          1,
          0,
          null,
          null,
          1,
          0,
          null,
          null
        ]
      }
    },
    "timestamp": 1713306801
  }
}
